{"/Users/tbp01/Documents/multiverse/week-6/mv-movie-theater-api/db.js": {"path":"/Users/tbp01/Documents/multiverse/week-6/mv-movie-theater-api/db.js","statementMap":{"0":{"start":{"line":2,"column":33},"end":{"line":2,"column":53}},"1":{"start":{"line":5,"column":11},"end":{"line":9,"column":2}},"2":{"start":{"line":14,"column":0},"end":{"line":14,"column":34}}},"fnMap":{},"branchMap":{},"s":{"0":1,"1":1,"2":1},"f":{},"b":{},"_coverageSchema":"1a1c01bbd47fc00a2c39e90264f33305004495a9","hash":"ea31e2364df0997f943b7d86dd89463468c905a5"}
,"/Users/tbp01/Documents/multiverse/week-6/mv-movie-theater-api/seed.js": {"path":"/Users/tbp01/Documents/multiverse/week-6/mv-movie-theater-api/seed.js","statementMap":{"0":{"start":{"line":2,"column":13},"end":{"line":2,"column":28}},"1":{"start":{"line":3,"column":11},"end":{"line":3,"column":33}},"2":{"start":{"line":7,"column":13},"end":{"line":7,"column":28}},"3":{"start":{"line":8,"column":23},"end":{"line":8,"column":48}},"4":{"start":{"line":12,"column":13},"end":{"line":35,"column":1}},"5":{"start":{"line":14,"column":4},"end":{"line":14,"column":35}},"6":{"start":{"line":16,"column":25},"end":{"line":16,"column":59}},"7":{"start":{"line":17,"column":25},"end":{"line":17,"column":59}},"8":{"start":{"line":20,"column":19},"end":{"line":20,"column":50}},"9":{"start":{"line":21,"column":23},"end":{"line":21,"column":54}},"10":{"start":{"line":23,"column":24},"end":{"line":23,"column":50}},"11":{"start":{"line":24,"column":24},"end":{"line":24,"column":54}},"12":{"start":{"line":27,"column":25},"end":{"line":27,"column":65}},"13":{"start":{"line":27,"column":47},"end":{"line":27,"column":64}},"14":{"start":{"line":28,"column":25},"end":{"line":28,"column":65}},"15":{"start":{"line":28,"column":47},"end":{"line":28,"column":64}},"16":{"start":{"line":31,"column":4},"end":{"line":31,"column":36}},"17":{"start":{"line":32,"column":4},"end":{"line":32,"column":35}},"18":{"start":{"line":34,"column":4},"end":{"line":34,"column":58}},"19":{"start":{"line":38,"column":0},"end":{"line":38,"column":22}}},"fnMap":{"0":{"name":"(anonymous_0)","decl":{"start":{"line":12,"column":13},"end":{"line":12,"column":14}},"loc":{"start":{"line":12,"column":25},"end":{"line":35,"column":1}},"line":12},"1":{"name":"(anonymous_1)","decl":{"start":{"line":27,"column":39},"end":{"line":27,"column":40}},"loc":{"start":{"line":27,"column":47},"end":{"line":27,"column":64}},"line":27},"2":{"name":"(anonymous_2)","decl":{"start":{"line":28,"column":39},"end":{"line":28,"column":40}},"loc":{"start":{"line":28,"column":47},"end":{"line":28,"column":64}},"line":28}},"branchMap":{},"s":{"0":1,"1":1,"2":1,"3":1,"4":1,"5":8,"6":8,"7":8,"8":8,"9":8,"10":8,"11":8,"12":8,"13":88,"14":8,"15":16,"16":8,"17":8,"18":8,"19":1},"f":{"0":8,"1":88,"2":16},"b":{},"_coverageSchema":"1a1c01bbd47fc00a2c39e90264f33305004495a9","hash":"f66935a3af4da9e32b15a46d1f4a08c12e04ae93"}
,"/Users/tbp01/Documents/multiverse/week-6/mv-movie-theater-api/models/Show.js": {"path":"/Users/tbp01/Documents/multiverse/week-6/mv-movie-theater-api/models/Show.js","statementMap":{"0":{"start":{"line":2,"column":26},"end":{"line":2,"column":42}},"1":{"start":{"line":5,"column":13},"end":{"line":10,"column":2}},"2":{"start":{"line":13,"column":0},"end":{"line":13,"column":25}}},"fnMap":{},"branchMap":{},"s":{"0":1,"1":1,"2":1},"f":{},"b":{},"_coverageSchema":"1a1c01bbd47fc00a2c39e90264f33305004495a9","hash":"46f64f8b97ea82e5bab6ae1a6f655a0933278a6f"}
,"/Users/tbp01/Documents/multiverse/week-6/mv-movie-theater-api/models/User.js": {"path":"/Users/tbp01/Documents/multiverse/week-6/mv-movie-theater-api/models/User.js","statementMap":{"0":{"start":{"line":2,"column":26},"end":{"line":2,"column":42}},"1":{"start":{"line":5,"column":13},"end":{"line":8,"column":2}},"2":{"start":{"line":11,"column":0},"end":{"line":11,"column":25}}},"fnMap":{},"branchMap":{},"s":{"0":1,"1":1,"2":1},"f":{},"b":{},"_coverageSchema":"1a1c01bbd47fc00a2c39e90264f33305004495a9","hash":"6ed4b3889b021ff5a87fb35ff8e6d79be3215342"}
,"/Users/tbp01/Documents/multiverse/week-6/mv-movie-theater-api/models/index.js": {"path":"/Users/tbp01/Documents/multiverse/week-6/mv-movie-theater-api/models/index.js","statementMap":{"0":{"start":{"line":1,"column":17},"end":{"line":1,"column":34}},"1":{"start":{"line":2,"column":17},"end":{"line":2,"column":34}},"2":{"start":{"line":4,"column":0},"end":{"line":4,"column":20}},"3":{"start":{"line":5,"column":0},"end":{"line":5,"column":18}},"4":{"start":{"line":7,"column":0},"end":{"line":7,"column":29}}},"fnMap":{},"branchMap":{},"s":{"0":1,"1":1,"2":1,"3":1,"4":1},"f":{},"b":{},"_coverageSchema":"1a1c01bbd47fc00a2c39e90264f33305004495a9","hash":"98a2eb14a2dffb0b42472105f90f805c3c5ba44f"}
,"/Users/tbp01/Documents/multiverse/week-6/mv-movie-theater-api/src/index.js": {"path":"/Users/tbp01/Documents/multiverse/week-6/mv-movie-theater-api/src/index.js","statementMap":{"0":{"start":{"line":2,"column":16},"end":{"line":2,"column":34}},"1":{"start":{"line":3,"column":19},"end":{"line":3,"column":50}},"2":{"start":{"line":4,"column":19},"end":{"line":4,"column":50}},"3":{"start":{"line":5,"column":12},"end":{"line":5,"column":21}},"4":{"start":{"line":6,"column":13},"end":{"line":6,"column":17}},"5":{"start":{"line":9,"column":0},"end":{"line":9,"column":29}},"6":{"start":{"line":10,"column":0},"end":{"line":10,"column":29}},"7":{"start":{"line":13,"column":24},"end":{"line":13,"column":38}},"8":{"start":{"line":22,"column":0},"end":{"line":22,"column":20}}},"fnMap":{},"branchMap":{},"s":{"0":1,"1":1,"2":1,"3":1,"4":1,"5":1,"6":1,"7":1,"8":1},"f":{},"b":{},"_coverageSchema":"1a1c01bbd47fc00a2c39e90264f33305004495a9","hash":"e6cc753bd5f254a32ac299b1b17ae92a2cec366f"}
,"/Users/tbp01/Documents/multiverse/week-6/mv-movie-theater-api/src/routes/show.router.js": {"path":"/Users/tbp01/Documents/multiverse/week-6/mv-movie-theater-api/src/routes/show.router.js","statementMap":{"0":{"start":{"line":1,"column":16},"end":{"line":1,"column":34}},"1":{"start":{"line":4,"column":19},"end":{"line":4,"column":35}},"2":{"start":{"line":6,"column":0},"end":{"line":6,"column":30}},"3":{"start":{"line":8,"column":0},"end":{"line":8,"column":27}}},"fnMap":{},"branchMap":{},"s":{"0":1,"1":1,"2":1,"3":1},"f":{},"b":{},"_coverageSchema":"1a1c01bbd47fc00a2c39e90264f33305004495a9","hash":"244e626713a6d3ff8bb173cf7f5c5c9d41e9c5a8"}
,"/Users/tbp01/Documents/multiverse/week-6/mv-movie-theater-api/src/routes/user.router.js": {"path":"/Users/tbp01/Documents/multiverse/week-6/mv-movie-theater-api/src/routes/user.router.js","statementMap":{"0":{"start":{"line":1,"column":16},"end":{"line":1,"column":34}},"1":{"start":{"line":2,"column":17},"end":{"line":2,"column":40}},"2":{"start":{"line":4,"column":19},"end":{"line":4,"column":35}},"3":{"start":{"line":6,"column":0},"end":{"line":6,"column":30}},"4":{"start":{"line":9,"column":0},"end":{"line":20,"column":2}},"5":{"start":{"line":12,"column":18},"end":{"line":12,"column":38}},"6":{"start":{"line":14,"column":4},"end":{"line":16,"column":5}},"7":{"start":{"line":15,"column":8},"end":{"line":15,"column":34}},"8":{"start":{"line":17,"column":22},"end":{"line":17,"column":48}},"9":{"start":{"line":17,"column":37},"end":{"line":17,"column":47}},"10":{"start":{"line":18,"column":4},"end":{"line":18,"column":24}},"11":{"start":{"line":19,"column":4},"end":{"line":19,"column":30}},"12":{"start":{"line":22,"column":0},"end":{"line":22,"column":27}}},"fnMap":{"0":{"name":"(anonymous_0)","decl":{"start":{"line":9,"column":23},"end":{"line":9,"column":24}},"loc":{"start":{"line":9,"column":43},"end":{"line":20,"column":1}},"line":9},"1":{"name":"(anonymous_1)","decl":{"start":{"line":17,"column":32},"end":{"line":17,"column":33}},"loc":{"start":{"line":17,"column":37},"end":{"line":17,"column":47}},"line":17}},"branchMap":{"0":{"loc":{"start":{"line":14,"column":4},"end":{"line":16,"column":5}},"type":"if","locations":[{"start":{"line":14,"column":4},"end":{"line":16,"column":5}},{"start":{},"end":{}}],"line":14}},"s":{"0":1,"1":1,"2":1,"3":1,"4":1,"5":1,"6":1,"7":0,"8":1,"9":2,"10":1,"11":1,"12":1},"f":{"0":1,"1":2},"b":{"0":[0,1]},"_coverageSchema":"1a1c01bbd47fc00a2c39e90264f33305004495a9","hash":"e4135c3316566980282739629aa2a5ed841b822b"}
}
