{"/Users/tbp01/Documents/multiverse/week-6/mv-movie-theater-api/db.js": {"path":"/Users/tbp01/Documents/multiverse/week-6/mv-movie-theater-api/db.js","statementMap":{"0":{"start":{"line":2,"column":33},"end":{"line":2,"column":53}},"1":{"start":{"line":5,"column":11},"end":{"line":9,"column":2}},"2":{"start":{"line":14,"column":0},"end":{"line":14,"column":34}}},"fnMap":{},"branchMap":{},"s":{"0":1,"1":1,"2":1},"f":{},"b":{},"_coverageSchema":"1a1c01bbd47fc00a2c39e90264f33305004495a9","hash":"ea31e2364df0997f943b7d86dd89463468c905a5"}
,"/Users/tbp01/Documents/multiverse/week-6/mv-movie-theater-api/seed.js": {"path":"/Users/tbp01/Documents/multiverse/week-6/mv-movie-theater-api/seed.js","statementMap":{"0":{"start":{"line":2,"column":13},"end":{"line":2,"column":28}},"1":{"start":{"line":3,"column":11},"end":{"line":3,"column":33}},"2":{"start":{"line":7,"column":15},"end":{"line":7,"column":30}},"3":{"start":{"line":8,"column":23},"end":{"line":8,"column":48}},"4":{"start":{"line":12,"column":13},"end":{"line":45,"column":1}},"5":{"start":{"line":14,"column":4},"end":{"line":14,"column":35}},"6":{"start":{"line":16,"column":25},"end":{"line":16,"column":59}},"7":{"start":{"line":17,"column":25},"end":{"line":17,"column":59}},"8":{"start":{"line":20,"column":19},"end":{"line":20,"column":50}},"9":{"start":{"line":21,"column":23},"end":{"line":21,"column":54}},"10":{"start":{"line":23,"column":24},"end":{"line":23,"column":50}},"11":{"start":{"line":24,"column":24},"end":{"line":24,"column":54}},"12":{"start":{"line":25,"column":25},"end":{"line":25,"column":65}},"13":{"start":{"line":25,"column":47},"end":{"line":25,"column":64}},"14":{"start":{"line":26,"column":25},"end":{"line":26,"column":65}},"15":{"start":{"line":26,"column":47},"end":{"line":26,"column":64}},"16":{"start":{"line":32,"column":0},"end":{"line":32,"column":32}},"17":{"start":{"line":33,"column":0},"end":{"line":33,"column":31}},"18":{"start":{"line":35,"column":13},"end":{"line":40,"column":1}},"19":{"start":{"line":41,"column":13},"end":{"line":41,"column":35}},"20":{"start":{"line":42,"column":0},"end":{"line":42,"column":27}},"21":{"start":{"line":44,"column":0},"end":{"line":44,"column":54}},"22":{"start":{"line":48,"column":0},"end":{"line":48,"column":22}}},"fnMap":{"0":{"name":"(anonymous_0)","decl":{"start":{"line":12,"column":13},"end":{"line":12,"column":14}},"loc":{"start":{"line":12,"column":25},"end":{"line":45,"column":1}},"line":12},"1":{"name":"(anonymous_1)","decl":{"start":{"line":25,"column":39},"end":{"line":25,"column":40}},"loc":{"start":{"line":25,"column":47},"end":{"line":25,"column":64}},"line":25},"2":{"name":"(anonymous_2)","decl":{"start":{"line":26,"column":39},"end":{"line":26,"column":40}},"loc":{"start":{"line":26,"column":47},"end":{"line":26,"column":64}},"line":26}},"branchMap":{},"s":{"0":1,"1":1,"2":1,"3":1,"4":1,"5":10,"6":10,"7":10,"8":10,"9":10,"10":10,"11":10,"12":10,"13":110,"14":10,"15":20,"16":10,"17":10,"18":10,"19":10,"20":10,"21":10,"22":1},"f":{"0":10,"1":110,"2":20},"b":{},"_coverageSchema":"1a1c01bbd47fc00a2c39e90264f33305004495a9","hash":"bcd6608b972422a88c97f5a335e1cd5d1761cab7"}
,"/Users/tbp01/Documents/multiverse/week-6/mv-movie-theater-api/models/Show.js": {"path":"/Users/tbp01/Documents/multiverse/week-6/mv-movie-theater-api/models/Show.js","statementMap":{"0":{"start":{"line":2,"column":26},"end":{"line":2,"column":42}},"1":{"start":{"line":5,"column":13},"end":{"line":10,"column":2}},"2":{"start":{"line":13,"column":0},"end":{"line":13,"column":25}}},"fnMap":{},"branchMap":{},"s":{"0":1,"1":1,"2":1},"f":{},"b":{},"_coverageSchema":"1a1c01bbd47fc00a2c39e90264f33305004495a9","hash":"46f64f8b97ea82e5bab6ae1a6f655a0933278a6f"}
,"/Users/tbp01/Documents/multiverse/week-6/mv-movie-theater-api/models/User.js": {"path":"/Users/tbp01/Documents/multiverse/week-6/mv-movie-theater-api/models/User.js","statementMap":{"0":{"start":{"line":2,"column":26},"end":{"line":2,"column":42}},"1":{"start":{"line":5,"column":13},"end":{"line":8,"column":2}},"2":{"start":{"line":11,"column":0},"end":{"line":11,"column":25}}},"fnMap":{},"branchMap":{},"s":{"0":1,"1":1,"2":1},"f":{},"b":{},"_coverageSchema":"1a1c01bbd47fc00a2c39e90264f33305004495a9","hash":"6ed4b3889b021ff5a87fb35ff8e6d79be3215342"}
,"/Users/tbp01/Documents/multiverse/week-6/mv-movie-theater-api/models/index.js": {"path":"/Users/tbp01/Documents/multiverse/week-6/mv-movie-theater-api/models/index.js","statementMap":{"0":{"start":{"line":1,"column":17},"end":{"line":1,"column":34}},"1":{"start":{"line":2,"column":17},"end":{"line":2,"column":34}},"2":{"start":{"line":4,"column":0},"end":{"line":4,"column":20}},"3":{"start":{"line":5,"column":0},"end":{"line":5,"column":18}},"4":{"start":{"line":7,"column":0},"end":{"line":7,"column":29}}},"fnMap":{},"branchMap":{},"s":{"0":1,"1":1,"2":1,"3":1,"4":1},"f":{},"b":{},"_coverageSchema":"1a1c01bbd47fc00a2c39e90264f33305004495a9","hash":"98a2eb14a2dffb0b42472105f90f805c3c5ba44f"}
,"/Users/tbp01/Documents/multiverse/week-6/mv-movie-theater-api/src/index.js": {"path":"/Users/tbp01/Documents/multiverse/week-6/mv-movie-theater-api/src/index.js","statementMap":{"0":{"start":{"line":2,"column":16},"end":{"line":2,"column":34}},"1":{"start":{"line":3,"column":19},"end":{"line":3,"column":50}},"2":{"start":{"line":4,"column":19},"end":{"line":4,"column":50}},"3":{"start":{"line":5,"column":12},"end":{"line":5,"column":21}},"4":{"start":{"line":6,"column":13},"end":{"line":6,"column":17}},"5":{"start":{"line":9,"column":0},"end":{"line":9,"column":29}},"6":{"start":{"line":10,"column":0},"end":{"line":10,"column":29}},"7":{"start":{"line":13,"column":24},"end":{"line":13,"column":38}},"8":{"start":{"line":22,"column":0},"end":{"line":22,"column":20}}},"fnMap":{},"branchMap":{},"s":{"0":1,"1":1,"2":1,"3":1,"4":1,"5":1,"6":1,"7":1,"8":1},"f":{},"b":{},"_coverageSchema":"1a1c01bbd47fc00a2c39e90264f33305004495a9","hash":"e6cc753bd5f254a32ac299b1b17ae92a2cec366f"}
,"/Users/tbp01/Documents/multiverse/week-6/mv-movie-theater-api/src/routes/show.router.js": {"path":"/Users/tbp01/Documents/multiverse/week-6/mv-movie-theater-api/src/routes/show.router.js","statementMap":{"0":{"start":{"line":1,"column":16},"end":{"line":1,"column":34}},"1":{"start":{"line":4,"column":19},"end":{"line":4,"column":35}},"2":{"start":{"line":6,"column":0},"end":{"line":6,"column":30}},"3":{"start":{"line":8,"column":0},"end":{"line":8,"column":27}}},"fnMap":{},"branchMap":{},"s":{"0":1,"1":1,"2":1,"3":1},"f":{},"b":{},"_coverageSchema":"1a1c01bbd47fc00a2c39e90264f33305004495a9","hash":"244e626713a6d3ff8bb173cf7f5c5c9d41e9c5a8"}
,"/Users/tbp01/Documents/multiverse/week-6/mv-movie-theater-api/src/routes/user.router.js": {"path":"/Users/tbp01/Documents/multiverse/week-6/mv-movie-theater-api/src/routes/user.router.js","statementMap":{"0":{"start":{"line":1,"column":16},"end":{"line":1,"column":34}},"1":{"start":{"line":2,"column":42},"end":{"line":2,"column":70}},"2":{"start":{"line":3,"column":17},"end":{"line":3,"column":40}},"3":{"start":{"line":5,"column":19},"end":{"line":5,"column":35}},"4":{"start":{"line":7,"column":0},"end":{"line":7,"column":30}},"5":{"start":{"line":9,"column":0},"end":{"line":11,"column":2}},"6":{"start":{"line":10,"column":4},"end":{"line":10,"column":17}},"7":{"start":{"line":13,"column":0},"end":{"line":23,"column":2}},"8":{"start":{"line":15,"column":18},"end":{"line":15,"column":38}},"9":{"start":{"line":17,"column":4},"end":{"line":19,"column":5}},"10":{"start":{"line":18,"column":8},"end":{"line":18,"column":34}},"11":{"start":{"line":20,"column":22},"end":{"line":20,"column":48}},"12":{"start":{"line":20,"column":37},"end":{"line":20,"column":47}},"13":{"start":{"line":21,"column":4},"end":{"line":21,"column":24}},"14":{"start":{"line":22,"column":4},"end":{"line":22,"column":30}},"15":{"start":{"line":27,"column":0},"end":{"line":40,"column":2}},"16":{"start":{"line":28,"column":19},"end":{"line":28,"column":40}},"17":{"start":{"line":29,"column":4},"end":{"line":31,"column":5}},"18":{"start":{"line":30,"column":8},"end":{"line":30,"column":34}},"19":{"start":{"line":33,"column":17},"end":{"line":33,"column":55}},"20":{"start":{"line":34,"column":4},"end":{"line":37,"column":5}},"21":{"start":{"line":36,"column":8},"end":{"line":36,"column":34}},"22":{"start":{"line":39,"column":4},"end":{"line":39,"column":27}},"23":{"start":{"line":43,"column":0},"end":{"line":61,"column":2}},"24":{"start":{"line":44,"column":19},"end":{"line":44,"column":40}},"25":{"start":{"line":45,"column":4},"end":{"line":47,"column":5}},"26":{"start":{"line":46,"column":8},"end":{"line":46,"column":34}},"27":{"start":{"line":49,"column":17},"end":{"line":49,"column":55}},"28":{"start":{"line":50,"column":4},"end":{"line":53,"column":5}},"29":{"start":{"line":52,"column":8},"end":{"line":52,"column":34}},"30":{"start":{"line":55,"column":18},"end":{"line":55,"column":39}},"31":{"start":{"line":56,"column":4},"end":{"line":58,"column":5}},"32":{"start":{"line":57,"column":8},"end":{"line":57,"column":34}},"33":{"start":{"line":60,"column":4},"end":{"line":60,"column":40}},"34":{"start":{"line":60,"column":28},"end":{"line":60,"column":38}},"35":{"start":{"line":63,"column":0},"end":{"line":63,"column":27}}},"fnMap":{"0":{"name":"(anonymous_0)","decl":{"start":{"line":9,"column":25},"end":{"line":9,"column":26}},"loc":{"start":{"line":9,"column":39},"end":{"line":11,"column":1}},"line":9},"1":{"name":"(anonymous_1)","decl":{"start":{"line":13,"column":23},"end":{"line":13,"column":24}},"loc":{"start":{"line":13,"column":43},"end":{"line":23,"column":1}},"line":13},"2":{"name":"(anonymous_2)","decl":{"start":{"line":20,"column":32},"end":{"line":20,"column":33}},"loc":{"start":{"line":20,"column":37},"end":{"line":20,"column":47}},"line":20},"3":{"name":"(anonymous_3)","decl":{"start":{"line":27,"column":55},"end":{"line":27,"column":56}},"loc":{"start":{"line":27,"column":75},"end":{"line":40,"column":1}},"line":27},"4":{"name":"(anonymous_4)","decl":{"start":{"line":43,"column":61},"end":{"line":43,"column":62}},"loc":{"start":{"line":43,"column":81},"end":{"line":61,"column":1}},"line":43},"5":{"name":"(anonymous_5)","decl":{"start":{"line":60,"column":23},"end":{"line":60,"column":24}},"loc":{"start":{"line":60,"column":28},"end":{"line":60,"column":38}},"line":60}},"branchMap":{"0":{"loc":{"start":{"line":17,"column":4},"end":{"line":19,"column":5}},"type":"if","locations":[{"start":{"line":17,"column":4},"end":{"line":19,"column":5}},{"start":{},"end":{}}],"line":17},"1":{"loc":{"start":{"line":29,"column":4},"end":{"line":31,"column":5}},"type":"if","locations":[{"start":{"line":29,"column":4},"end":{"line":31,"column":5}},{"start":{},"end":{}}],"line":29},"2":{"loc":{"start":{"line":34,"column":4},"end":{"line":37,"column":5}},"type":"if","locations":[{"start":{"line":34,"column":4},"end":{"line":37,"column":5}},{"start":{},"end":{}}],"line":34},"3":{"loc":{"start":{"line":45,"column":4},"end":{"line":47,"column":5}},"type":"if","locations":[{"start":{"line":45,"column":4},"end":{"line":47,"column":5}},{"start":{},"end":{}}],"line":45},"4":{"loc":{"start":{"line":50,"column":4},"end":{"line":53,"column":5}},"type":"if","locations":[{"start":{"line":50,"column":4},"end":{"line":53,"column":5}},{"start":{},"end":{}}],"line":50},"5":{"loc":{"start":{"line":56,"column":4},"end":{"line":58,"column":5}},"type":"if","locations":[{"start":{"line":56,"column":4},"end":{"line":58,"column":5}},{"start":{},"end":{}}],"line":56}},"s":{"0":1,"1":1,"2":1,"3":1,"4":1,"5":1,"6":1,"7":1,"8":2,"9":2,"10":1,"11":1,"12":2,"13":1,"14":1,"15":1,"16":3,"17":3,"18":1,"19":2,"20":2,"21":1,"22":1,"23":1,"24":4,"25":4,"26":1,"27":3,"28":3,"29":1,"30":2,"31":2,"32":1,"33":1,"34":1,"35":1},"f":{"0":1,"1":2,"2":2,"3":3,"4":4,"5":1},"b":{"0":[1,1],"1":[1,2],"2":[1,1],"3":[1,3],"4":[1,2],"5":[1,1]},"_coverageSchema":"1a1c01bbd47fc00a2c39e90264f33305004495a9","hash":"0ce3c1d6394ef718e04d49ff75eb8eaa8661295b"}
}
