TN:
SF:db.js
FNF:0
FNH:0
DA:2,1
DA:5,1
DA:14,1
LF:3
LH:3
BRF:0
BRH:0
end_of_record
TN:
SF:seed.js
FN:12,(anonymous_0)
FN:25,(anonymous_1)
FN:26,(anonymous_2)
FNF:3
FNH:3
FNDA:10,(anonymous_0)
FNDA:110,(anonymous_1)
FNDA:20,(anonymous_2)
DA:2,1
DA:3,1
DA:7,1
DA:8,1
DA:12,1
DA:14,10
DA:16,10
DA:17,10
DA:20,10
DA:21,10
DA:23,10
DA:24,10
DA:25,110
DA:26,20
DA:32,10
DA:33,10
DA:35,10
DA:41,10
DA:42,10
DA:44,10
DA:48,1
LF:21
LH:21
BRF:0
BRH:0
end_of_record
TN:
SF:models/Show.js
FNF:0
FNH:0
DA:2,1
DA:5,1
DA:13,1
LF:3
LH:3
BRF:0
BRH:0
end_of_record
TN:
SF:models/User.js
FNF:0
FNH:0
DA:2,1
DA:5,1
DA:11,1
LF:3
LH:3
BRF:0
BRH:0
end_of_record
TN:
SF:models/index.js
FNF:0
FNH:0
DA:1,1
DA:2,1
DA:4,1
DA:5,1
DA:7,1
LF:5
LH:5
BRF:0
BRH:0
end_of_record
TN:
SF:src/index.js
FNF:0
FNH:0
DA:2,1
DA:3,1
DA:4,1
DA:5,1
DA:6,1
DA:9,1
DA:10,1
DA:13,1
DA:22,1
LF:9
LH:9
BRF:0
BRH:0
end_of_record
TN:
SF:src/routes/show.router.js
FNF:0
FNH:0
DA:1,1
DA:4,1
DA:6,1
DA:8,1
LF:4
LH:4
BRF:0
BRH:0
end_of_record
TN:
SF:src/routes/user.router.js
FN:9,(anonymous_0)
FN:13,(anonymous_1)
FN:20,(anonymous_2)
FN:27,(anonymous_3)
FN:43,(anonymous_4)
FN:60,(anonymous_5)
FNF:6
FNH:6
FNDA:1,(anonymous_0)
FNDA:2,(anonymous_1)
FNDA:2,(anonymous_2)
FNDA:3,(anonymous_3)
FNDA:4,(anonymous_4)
FNDA:1,(anonymous_5)
DA:1,1
DA:2,1
DA:3,1
DA:5,1
DA:7,1
DA:9,1
DA:10,1
DA:13,1
DA:15,2
DA:17,2
DA:18,1
DA:20,2
DA:21,1
DA:22,1
DA:27,1
DA:28,3
DA:29,3
DA:30,1
DA:33,2
DA:34,2
DA:36,1
DA:39,1
DA:43,1
DA:44,4
DA:45,4
DA:46,1
DA:49,3
DA:50,3
DA:52,1
DA:55,2
DA:56,2
DA:57,1
DA:60,1
DA:63,1
LF:34
LH:34
BRDA:17,0,0,1
BRDA:17,0,1,1
BRDA:29,1,0,1
BRDA:29,1,1,2
BRDA:34,2,0,1
BRDA:34,2,1,1
BRDA:45,3,0,1
BRDA:45,3,1,3
BRDA:50,4,0,1
BRDA:50,4,1,2
BRDA:56,5,0,1
BRDA:56,5,1,1
BRF:12
BRH:12
end_of_record
